[2026-06-04 09:20:48] production.ERROR: Cannot declare class App\Category, because the name is already in use {"exception":"[object] (Symfony\\Component\\ErrorHandler\\Error\\FatalError(code: 0): Cannot declare class App\\Category, because the name is already in use at E:\\xampp\\htdocs\\bb\\app\\Comments.php:7)
[stacktrace]
#0 {main}
"} 
[2026-06-04 09:20:52] production.ERROR: Cannot declare class App\Category, because the name is already in use {"exception":"[object] (Symfony\\Component\\ErrorHandler\\Error\\FatalError(code: 0): Cannot declare class App\\Category, because the name is already in use at E:\\xampp\\htdocs\\bb\\app\\Comments.php:7)
[stacktrace]
#0 {main}
"} 
[2026-06-04 09:21:52] production.ERROR: Cannot declare class App\Category, because the name is already in use {"exception":"[object] (Symfony\\Component\\ErrorHandler\\Error\\FatalError(code: 0): Cannot declare class App\\Category, because the name is already in use at E:\\xampp\\htdocs\\bb\\app\\Comments.php:7)
[stacktrace]
#0 {main}
"} 
[2026-06-04 09:22:52] production.ERROR: Cannot declare class App\Category, because the name is already in use {"exception":"[object] (Symfony\\Component\\ErrorHandler\\Error\\FatalError(code: 0): Cannot declare class App\\Category, because the name is already in use at E:\\xampp\\htdocs\\bb\\app\\Comments.php:7)
[stacktrace]
#0 {main}
"} 
[2026-06-04 09:23:52] production.ERROR: Cannot declare class App\Category, because the name is already in use {"exception":"[object] (Symfony\\Component\\ErrorHandler\\Error\\FatalError(code: 0): Cannot declare class App\\Category, because the name is already in use at E:\\xampp\\htdocs\\bb\\app\\Comments.php:7)
[stacktrace]
#0 {main}
"} 
[2026-06-04 09:24:52] production.ERROR: Cannot declare class App\Category, because the name is already in use {"exception":"[object] (Symfony\\Component\\ErrorHandler\\Error\\FatalError(code: 0): Cannot declare class App\\Category, because the name is already in use at E:\\xampp\\htdocs\\bb\\app\\Comments.php:7)
[stacktrace]
#0 {main}
"} 
[2026-06-04 09:25:52] production.ERROR: Cannot declare class App\Category, because the name is already in use {"exception":"[object] (Symfony\\Component\\ErrorHandler\\Error\\FatalError(code: 0): Cannot declare class App\\Category, because the name is already in use at E:\\xampp\\htdocs\\bb\\app\\Comments.php:7)
[stacktrace]
#0 {main}
"} 
[2026-06-04 09:26:52] production.ERROR: Cannot declare class App\Category, because the name is already in use {"exception":"[object] (Symfony\\Component\\ErrorHandler\\Error\\FatalError(code: 0): Cannot declare class App\\Category, because the name is already in use at E:\\xampp\\htdocs\\bb\\app\\Comments.php:7)
[stacktrace]
#0 {main}
"} 
[2026-06-04 09:27:52] production.ERROR: Cannot declare class App\Category, because the name is already in use {"exception":"[object] (Symfony\\Component\\ErrorHandler\\Error\\FatalError(code: 0): Cannot declare class App\\Category, because the name is already in use at E:\\xampp\\htdocs\\bb\\app\\Comments.php:7)
[stacktrace]
#0 {main}
"} 
[2026-06-04 09:28:52] production.ERROR: Cannot declare class App\Category, because the name is already in use {"exception":"[object] (Symfony\\Component\\ErrorHandler\\Error\\FatalError(code: 0): Cannot declare class App\\Category, because the name is already in use at E:\\xampp\\htdocs\\bb\\app\\Comments.php:7)
[stacktrace]
#0 {main}
"} 
[2026-06-04 09:28:52] production.ERROR: Uncaught InvalidArgumentException: Please provide a valid cache path. in E:\xampp\htdocs\bb\vendor\laravel\framework\src\Illuminate\View\Compilers\Compiler.php:67
Stack trace:
#0 E:\xampp\htdocs\bb\vendor\laravel\framework\src\Illuminate\View\ViewServiceProvider.php(97): Illuminate\View\Compilers\Compiler->__construct(Object(Illuminate\Filesystem\Filesystem), false, '', true, 'php')
#1 E:\xampp\htdocs\bb\vendor\laravel\framework\src\Illuminate\Container\Container.php(952): Illuminate\View\ViewServiceProvider->Illuminate\View\{closure}(Object(Illuminate\Foundation\Application), Array)
#2 E:\xampp\htdocs\bb\vendor\laravel\framework\src\Illuminate\Container\Container.php(832): Illuminate\Container\Container->build(Object(Closure))
#3 E:\xampp\htdocs\bb\vendor\laravel\framework\src\Illuminate\Foundation\Application.php(1078): Illuminate\Container\Container->resolve('blade.compiler', Array, true)
#4 E:\xampp\htdocs\bb\vendor\laravel\framework\src\Illuminate\Container\Container.php(763): Illuminate\Foundation\Application->resolve('blade.compiler', Array)
#5 E:\xampp\htdocs\bb\vendor\laravel\framework\src\Illuminate\Foundation\Application.php(1058): Illuminate\Container\Container->make('blade.compiler', Array)
#6 E:\xampp\htdocs\bb\vendor\laravel\framework\src\Illuminate\Foundation\helpers.php(124): Illuminate\Foundation\Application->make('blade.compiler', Array)
#7 Command line code(1): app('Illuminate\\View...')
#8 {main}
  thrown {"exception":"[object] (Symfony\\Component\\ErrorHandler\\Error\\FatalError(code: 0): Uncaught InvalidArgumentException: Please provide a valid cache path. in E:\\xampp\\htdocs\\bb\\vendor\\laravel\\framework\\src\\Illuminate\\View\\Compilers\\Compiler.php:67
Stack trace:
#0 E:\\xampp\\htdocs\\bb\\vendor\\laravel\\framework\\src\\Illuminate\\View\\ViewServiceProvider.php(97): Illuminate\\View\\Compilers\\Compiler->__construct(Object(Illuminate\\Filesystem\\Filesystem), false, '', true, 'php')
#1 E:\\xampp\\htdocs\\bb\\vendor\\laravel\\framework\\src\\Illuminate\\Container\\Container.php(952): Illuminate\\View\\ViewServiceProvider->Illuminate\\View\\{closure}(Object(Illuminate\\Foundation\\Application), Array)
#2 E:\\xampp\\htdocs\\bb\\vendor\\laravel\\framework\\src\\Illuminate\\Container\\Container.php(832): Illuminate\\Container\\Container->build(Object(Closure))
#3 E:\\xampp\\htdocs\\bb\\vendor\\laravel\\framework\\src\\Illuminate\\Foundation\\Application.php(1078): Illuminate\\Container\\Container->resolve('blade.compiler', Array, true)
#4 E:\\xampp\\htdocs\\bb\\vendor\\laravel\\framework\\src\\Illuminate\\Container\\Container.php(763): Illuminate\\Foundation\\Application->resolve('blade.compiler', Array)
#5 E:\\xampp\\htdocs\\bb\\vendor\\laravel\\framework\\src\\Illuminate\\Foundation\\Application.php(1058): Illuminate\\Container\\Container->make('blade.compiler', Array)
#6 E:\\xampp\\htdocs\\bb\\vendor\\laravel\\framework\\src\\Illuminate\\Foundation\\helpers.php(124): Illuminate\\Foundation\\Application->make('blade.compiler', Array)
#7 Command line code(1): app('Illuminate\\\\View...')
#8 {main}
  thrown at E:\\xampp\\htdocs\\bb\\vendor\\laravel\\framework\\src\\Illuminate\\View\\Compilers\\Compiler.php:67)
[stacktrace]
#0 {main}
"} 
[2026-06-04 09:29:52] production.ERROR: Cannot declare class App\Category, because the name is already in use {"exception":"[object] (Symfony\\Component\\ErrorHandler\\Error\\FatalError(code: 0): Cannot declare class App\\Category, because the name is already in use at E:\\xampp\\htdocs\\bb\\app\\Comments.php:7)
[stacktrace]
#0 {main}
"} 
[2026-06-04 09:30:52] production.ERROR: Cannot declare class App\Category, because the name is already in use {"exception":"[object] (Symfony\\Component\\ErrorHandler\\Error\\FatalError(code: 0): Cannot declare class App\\Category, because the name is already in use at E:\\xampp\\htdocs\\bb\\app\\Comments.php:7)
[stacktrace]
#0 {main}
"} 
[2026-06-04 09:31:52] production.ERROR: Cannot declare class App\Category, because the name is already in use {"exception":"[object] (Symfony\\Component\\ErrorHandler\\Error\\FatalError(code: 0): Cannot declare class App\\Category, because the name is already in use at E:\\xampp\\htdocs\\bb\\app\\Comments.php:7)
[stacktrace]
#0 {main}
"} 
[2026-06-04 09:31:55] production.ERROR: Cannot declare class App\Category, because the name is already in use {"exception":"[object] (Symfony\\Component\\ErrorHandler\\Error\\FatalError(code: 0): Cannot declare class App\\Category, because the name is already in use at E:\\xampp\\htdocs\\bb\\app\\Comments.php:7)
[stacktrace]
#0 {main}
"} 
[2026-06-04 09:32:52] production.ERROR: Cannot declare class App\Category, because the name is already in use {"exception":"[object] (Symfony\\Component\\ErrorHandler\\Error\\FatalError(code: 0): Cannot declare class App\\Category, because the name is already in use at E:\\xampp\\htdocs\\bb\\app\\Comments.php:7)
[stacktrace]
#0 {main}
"} 
[2026-06-04 09:33:30] production.ERROR: Cannot declare class App\Category, because the name is already in use {"exception":"[object] (Symfony\\Component\\ErrorHandler\\Error\\FatalError(code: 0): Cannot declare class App\\Category, because the name is already in use at E:\\xampp\\htdocs\\bb\\app\\Comments.php:7)
[stacktrace]
#0 {main}
"} 
[2026-06-04 09:33:52] production.ERROR: Cannot declare class App\Category, because the name is already in use {"exception":"[object] (Symfony\\Component\\ErrorHandler\\Error\\FatalError(code: 0): Cannot declare class App\\Category, because the name is already in use at E:\\xampp\\htdocs\\bb\\app\\Comments.php:7)
[stacktrace]
#0 {main}
"} 
[2026-06-04 09:34:52] production.ERROR: Cannot declare class App\Category, because the name is already in use {"exception":"[object] (Symfony\\Component\\ErrorHandler\\Error\\FatalError(code: 0): Cannot declare class App\\Category, because the name is already in use at E:\\xampp\\htdocs\\bb\\app\\Comments.php:7)
[stacktrace]
#0 {main}
"} 
[2026-06-04 09:35:24] production.ERROR: Cannot declare class App\Category, because the name is already in use {"exception":"[object] (Symfony\\Component\\ErrorHandler\\Error\\FatalError(code: 0): Cannot declare class App\\Category, because the name is already in use at E:\\xampp\\htdocs\\bb\\app\\Comments.php:7)
[stacktrace]
#0 {main}
"} 
[2026-06-04 09:35:52] production.ERROR: Cannot declare class App\Category, because the name is already in use {"exception":"[object] (Symfony\\Component\\ErrorHandler\\Error\\FatalError(code: 0): Cannot declare class App\\Category, because the name is already in use at E:\\xampp\\htdocs\\bb\\app\\Comments.php:7)
[stacktrace]
#0 {main}
"} 
[2026-06-04 09:36:42] production.ERROR: Cannot declare class App\Category, because the name is already in use {"exception":"[object] (Symfony\\Component\\ErrorHandler\\Error\\FatalError(code: 0): Cannot declare class App\\Category, because the name is already in use at E:\\xampp\\htdocs\\bb\\app\\Comments.php:7)
[stacktrace]
#0 {main}
"} 
[2026-06-04 09:36:52] production.ERROR: Cannot declare class App\Category, because the name is already in use {"exception":"[object] (Symfony\\Component\\ErrorHandler\\Error\\FatalError(code: 0): Cannot declare class App\\Category, because the name is already in use at E:\\xampp\\htdocs\\bb\\app\\Comments.php:7)
[stacktrace]
#0 {main}
"} 
[2026-06-04 09:37:37] production.ERROR: Cannot declare class App\Category, because the name is already in use {"exception":"[object] (Symfony\\Component\\ErrorHandler\\Error\\FatalError(code: 0): Cannot declare class App\\Category, because the name is already in use at E:\\xampp\\htdocs\\bb\\app\\Comments.php:7)
[stacktrace]
#0 {main}
"} 
[2026-06-04 09:37:52] production.ERROR: Cannot declare class App\Category, because the name is already in use {"exception":"[object] (Symfony\\Component\\ErrorHandler\\Error\\FatalError(code: 0): Cannot declare class App\\Category, because the name is already in use at E:\\xampp\\htdocs\\bb\\app\\Comments.php:7)
[stacktrace]
#0 {main}
"} 
